<?xml version="1.0" encoding="UTF-8"?>
<!-- Generated by org.testng.reporters.JUnitReportReporter -->
<testsuite skipped="0" hostname="VijayshreeC-ML" name="com.inetbanking.testCases.TC_AddCustomerTest_003" tests="2" failures="0" timestamp="01 Oct 2020 11:15:16 GMT" time="47.557" errors="0">
  <testcase name="loginGuru" time="8.407" classname="com.inetbanking.testCases.TC_AddCustomerTest_003"/>
  <testcase name="addNewCustomer" time="39.150" classname="com.inetbanking.testCases.TC_AddCustomerTest_003"/>
</testsuite> <!-- com.inetbanking.testCases.TC_AddCustomerTest_003 -->
